
Showing logs for build [32mcb-kubecd-environment-pr-187-22-lz5tf-1[0m stage [32mfrom-build-pack[0m and container [32mstep-credential-initializer-m55t7[0m
{"level":"warn","ts":1585159659.1949272,"logger":"fallback-logger","caller":"logging/config.go:69","msg":"Fetch GitHub commit ID from kodata failed: \"ref: refs/heads/0.8.0-**-support-backwards-incompats\" is not a valid GitHub commit ID"}
{"level":"info","ts":1585159659.1951842,"logger":"fallback-logger","caller":"creds-init/main.go:40","msg":"Credentials initialized."}

Showing logs for build [32mcb-kubecd-environment-pr-187-22-lz5tf-1[0m stage [32mfrom-build-pack[0m and container [32mstep-working-dir-initializer-t5fjn[0m
{"level":"warn","ts":1585159659.482895,"logger":"fallback-logger","caller":"logging/config.go:69","msg":"Fetch GitHub commit ID from kodata failed: open /var/run/ko/HEAD: no such file or directory"}
{"level":"info","ts":1585159659.4858146,"logger":"fallback-logger","caller":"bash/main.go:64","msg":"Successfully executed command \"sh -c mkdir -p /workspace/source\"; output "}

Showing logs for build [32mcb-kubecd-environment-pr-187-22-lz5tf-1[0m stage [32mfrom-build-pack[0m and container [32mstep-place-tools[0m

Showing logs for build [32mcb-kubecd-environment-pr-187-22-lz5tf-1[0m stage [32mfrom-build-pack[0m and container [32mstep-git-source-cb-kubecd-environment-pr-187-22-lz5tf-z2djf[0m
{"level":"warn","ts":1585159663.6218414,"logger":"fallback-logger","caller":"logging/config.go:69","msg":"Fetch GitHub commit ID from kodata failed: \"ref: refs/heads/0.8.0-**-support-backwards-incompats\" is not a valid GitHub commit ID"}
{"level":"info","ts":1585159663.792668,"logger":"fallback-logger","caller":"git/git.go:103","msg":"Successfully cloned https://github.com/cb-kubecd/environment-pr-187-225-boot-eks-staging.git @ master in path /workspace/source"}

Showing logs for build [32mcb-kubecd-environment-pr-187-22-lz5tf-1[0m stage [32mfrom-build-pack[0m and container [32mstep-git-merge[0m
Using SHAs from PULL_REFS=master:8e22f30506be88b0e24b2e79689df26bf91db65f,3:92edcb012b7bf91d02f84e814603018a9e66edbc
DEBUG: LC_ALL=C JX_LOG_LEVEL=error git fetch origin --unshallow 92edcb012b7bf91d02f84e814603018a9e66edbc: 8e22f30506be88b0e24b2e79689df26bf91db65f:
DEBUG: ran git fetch --unshallow origin 92edcb012b7bf91d02f84e814603018a9e66edbc: 8e22f30506be88b0e24b2e79689df26bf91db65f: in 
DEBUG: LC_ALL=C JX_LOG_LEVEL=error git branch
DEBUG: LC_ALL=C JX_LOG_LEVEL=error git checkout master
DEBUG: ran git checkout master in 
DEBUG: LC_ALL=C JX_LOG_LEVEL=error git reset --hard 8e22f30506be88b0e24b2e79689df26bf91db65f
DEBUG: ran git reset --hard 8e22f30506be88b0e24b2e79689df26bf91db65f in 
DEBUG: LC_ALL=C JX_LOG_LEVEL=error git clean -fd .
DEBUG: ran clean --force -d . in 
DEBUG: JX_LOG_LEVEL=error LC_ALL=C git merge 92edcb012b7bf91d02f84e814603018a9e66edbc
DEBUG: ran git merge 92edcb012b7bf91d02f84e814603018a9e66edbc in 
DEBUG: JX_LOG_LEVEL=error LC_ALL=C git log --format=%H%x1f%an%x1f%ae%x1f%cn%x1f%ce%x1f%s%n%b%x1e 8e22f30506be88b0e24b2e79689df26bf91db65f..HEAD
Merged SHA 92edcb012b7bf91d02f84e814603018a9e66edbc with commit message 'chore: Promote bdd-nh-1585156717 to version 0.0.1' into base branch master

Showing logs for build [32mcb-kubecd-environment-pr-187-22-lz5tf-1[0m stage [32mfrom-build-pack[0m and container [32mstep-build-helm-build[0m
WARNING: No $CHART_REPOSITORY defined so using the default value of: http://jenkins-x-chartmuseum:8080
Adding missing Helm repo: storage.googleapis.com https://storage.googleapis.com/chartmuseum.jenkins-x.io
WARNING: No secrets found on "helm/repos" due: reading the secret "helm/repos" from vault: no secret "helm/repos" not found in vault
Read credentials for https://storage.googleapis.com/chartmuseum.jenkins-x.io from vault helm/repos
Successfully added Helm repository storage.googleapis.com.
Adding missing Helm repo: jenkins-x-chartmuseum http://jenkins-x-chartmuseum:8080
WARNING: No secrets found on "helm/repos" due: reading the secret "helm/repos" from vault: no secret "helm/repos" not found in vault
Read credentials for http://jenkins-x-chartmuseum:8080 from vault helm/repos
Successfully added Helm repository jenkins-x-chartmuseum.
WARNING: No $CHART_REPOSITORY defined so using the default value of: http://jenkins-x-chartmuseum:8080
Adding missing Helm repo: chartmuseum.jenkins-x.io http://chartmuseum.jenkins-x.io
WARNING: No secrets found on "helm/repos" due: reading the secret "helm/repos" from vault: no secret "helm/repos" not found in vault
Read credentials for http://chartmuseum.jenkins-x.io from vault helm/repos
Successfully added Helm repository chartmuseum.jenkins-x.io.
