
Showing logs for build [32mcb-kubecd-environment-pr-187-22-9jkqk-1[0m stage [32mfrom-build-pack[0m and container [32mstep-credential-initializer-5xd9w[0m
{"level":"warn","ts":1585162512.7967565,"logger":"fallback-logger","caller":"logging/config.go:69","msg":"Fetch GitHub commit ID from kodata failed: \"ref: refs/heads/0.8.0-**-support-backwards-incompats\" is not a valid GitHub commit ID"}
{"level":"info","ts":1585162512.797038,"logger":"fallback-logger","caller":"creds-init/main.go:40","msg":"Credentials initialized."}

Showing logs for build [32mcb-kubecd-environment-pr-187-22-9jkqk-1[0m stage [32mfrom-build-pack[0m and container [32mstep-working-dir-initializer-lgf6h[0m
{"level":"warn","ts":1585162513.9246283,"logger":"fallback-logger","caller":"logging/config.go:69","msg":"Fetch GitHub commit ID from kodata failed: open /var/run/ko/HEAD: no such file or directory"}
{"level":"info","ts":1585162513.9253023,"logger":"fallback-logger","caller":"bash/main.go:64","msg":"Successfully executed command \"sh -c mkdir -p /workspace/source\"; output "}

Showing logs for build [32mcb-kubecd-environment-pr-187-22-9jkqk-1[0m stage [32mfrom-build-pack[0m and container [32mstep-place-tools[0m

Showing logs for build [32mcb-kubecd-environment-pr-187-22-9jkqk-1[0m stage [32mfrom-build-pack[0m and container [32mstep-git-source-cb-kubecd-environment-pr-187-22-9jkqk-bvdxx[0m
{"level":"warn","ts":1585162518.018439,"logger":"fallback-logger","caller":"logging/config.go:69","msg":"Fetch GitHub commit ID from kodata failed: \"ref: refs/heads/0.8.0-**-support-backwards-incompats\" is not a valid GitHub commit ID"}
{"level":"info","ts":1585162518.1902874,"logger":"fallback-logger","caller":"git/git.go:103","msg":"Successfully cloned https://github.com/cb-kubecd/environment-pr-187-225-boot-eks-staging.git @ master in path /workspace/source"}

Showing logs for build [32mcb-kubecd-environment-pr-187-22-9jkqk-1[0m stage [32mfrom-build-pack[0m and container [32mstep-git-merge[0m
Using SHAs from PULL_REFS=master:69cafe361cd623d25e7ff3b8d8f4227f85a4d672,4:b0560fbbf22c34ec61fd9c1c5785898352ce2023
DEBUG: LC_ALL=C JX_LOG_LEVEL=error git fetch origin --unshallow b0560fbbf22c34ec61fd9c1c5785898352ce2023: 69cafe361cd623d25e7ff3b8d8f4227f85a4d672:
DEBUG: ran git fetch --unshallow origin b0560fbbf22c34ec61fd9c1c5785898352ce2023: 69cafe361cd623d25e7ff3b8d8f4227f85a4d672: in 
DEBUG: LC_ALL=C JX_LOG_LEVEL=error git branch
DEBUG: LC_ALL=C JX_LOG_LEVEL=error git checkout master
DEBUG: ran git checkout master in 
DEBUG: LC_ALL=C JX_LOG_LEVEL=error git reset --hard 69cafe361cd623d25e7ff3b8d8f4227f85a4d672
DEBUG: ran git reset --hard 69cafe361cd623d25e7ff3b8d8f4227f85a4d672 in 
DEBUG: LC_ALL=C JX_LOG_LEVEL=error git clean -fd .
DEBUG: ran clean --force -d . in 
DEBUG: LC_ALL=C JX_LOG_LEVEL=error git merge b0560fbbf22c34ec61fd9c1c5785898352ce2023
DEBUG: ran git merge b0560fbbf22c34ec61fd9c1c5785898352ce2023 in 
DEBUG: LC_ALL=C JX_LOG_LEVEL=error git log --format=%H%x1f%an%x1f%ae%x1f%cn%x1f%ce%x1f%s%n%b%x1e 69cafe361cd623d25e7ff3b8d8f4227f85a4d672..HEAD
Merged SHA b0560fbbf22c34ec61fd9c1c5785898352ce2023 with commit message 'chore: Promote bdd-sbhg-1585156717 to version 0.0.1' into base branch master

Showing logs for build [32mcb-kubecd-environment-pr-187-22-9jkqk-1[0m stage [32mfrom-build-pack[0m and container [32mstep-build-helm-build[0m
WARNING: No $CHART_REPOSITORY defined so using the default value of: http://jenkins-x-chartmuseum:8080
Adding missing Helm repo: storage.googleapis.com https://storage.googleapis.com/chartmuseum.jenkins-x.io
WARNING: No secrets found on "helm/repos" due: reading the secret "helm/repos" from vault: no secret "helm/repos" not found in vault
Read credentials for https://storage.googleapis.com/chartmuseum.jenkins-x.io from vault helm/repos
Successfully added Helm repository storage.googleapis.com.
Adding missing Helm repo: jenkins-x-chartmuseum http://jenkins-x-chartmuseum:8080
WARNING: No secrets found on "helm/repos" due: reading the secret "helm/repos" from vault: no secret "helm/repos" not found in vault
Read credentials for http://jenkins-x-chartmuseum:8080 from vault helm/repos
Successfully added Helm repository jenkins-x-chartmuseum.
WARNING: No $CHART_REPOSITORY defined so using the default value of: http://jenkins-x-chartmuseum:8080
Adding missing Helm repo: chartmuseum.jenkins-x.io http://chartmuseum.jenkins-x.io
WARNING: No secrets found on "helm/repos" due: reading the secret "helm/repos" from vault: no secret "helm/repos" not found in vault
Read credentials for http://chartmuseum.jenkins-x.io from vault helm/repos
Successfully added Helm repository chartmuseum.jenkins-x.io.
