
Showing logs for build [32mcb-kubecd-environment-pr-187-22-prd5f-1[0m stage [32mfrom-build-pack[0m and container [32mstep-credential-initializer-ttqp8[0m
{"level":"warn","ts":1585155697.4114172,"logger":"fallback-logger","caller":"logging/config.go:69","msg":"Fetch GitHub commit ID from kodata failed: \"ref: refs/heads/0.8.0-**-support-backwards-incompats\" is not a valid GitHub commit ID"}
{"level":"info","ts":1585155697.4117665,"logger":"fallback-logger","caller":"creds-init/main.go:40","msg":"Credentials initialized."}

Showing logs for build [32mcb-kubecd-environment-pr-187-22-prd5f-1[0m stage [32mfrom-build-pack[0m and container [32mstep-working-dir-initializer-2mzh8[0m
{"level":"warn","ts":1585155697.69965,"logger":"fallback-logger","caller":"logging/config.go:69","msg":"Fetch GitHub commit ID from kodata failed: open /var/run/ko/HEAD: no such file or directory"}
{"level":"info","ts":1585155697.7004247,"logger":"fallback-logger","caller":"bash/main.go:64","msg":"Successfully executed command \"sh -c mkdir -p /workspace/source\"; output "}

Showing logs for build [32mcb-kubecd-environment-pr-187-22-prd5f-1[0m stage [32mfrom-build-pack[0m and container [32mstep-place-tools[0m

Showing logs for build [32mcb-kubecd-environment-pr-187-22-prd5f-1[0m stage [32mfrom-build-pack[0m and container [32mstep-git-source-cb-kubecd-environment-pr-187-22-prd5f-vpbb4[0m
{"level":"warn","ts":1585155701.7597191,"logger":"fallback-logger","caller":"logging/config.go:69","msg":"Fetch GitHub commit ID from kodata failed: \"ref: refs/heads/0.8.0-**-support-backwards-incompats\" is not a valid GitHub commit ID"}
{"level":"info","ts":1585155701.9462385,"logger":"fallback-logger","caller":"git/git.go:103","msg":"Successfully cloned https://github.com/cb-kubecd/environment-pr-187-225-boot-eks-staging.git @ master in path /workspace/source"}

Showing logs for build [32mcb-kubecd-environment-pr-187-22-prd5f-1[0m stage [32mfrom-build-pack[0m and container [32mstep-git-merge[0m
Using SHAs from PULL_REFS=master:8230318e06852b2237b6f9efe43656bdc607ef42,1:51e1d5b0ea1ca59ce9c0947b3b1d6c90201e8a27
DEBUG: LC_ALL=C JX_LOG_LEVEL=error git fetch origin --unshallow 51e1d5b0ea1ca59ce9c0947b3b1d6c90201e8a27: 8230318e06852b2237b6f9efe43656bdc607ef42:
DEBUG: ran git fetch --unshallow origin 51e1d5b0ea1ca59ce9c0947b3b1d6c90201e8a27: 8230318e06852b2237b6f9efe43656bdc607ef42: in 
DEBUG: LC_ALL=C JX_LOG_LEVEL=error git branch
DEBUG: LC_ALL=C JX_LOG_LEVEL=error git checkout master
DEBUG: ran git checkout master in 
DEBUG: LC_ALL=C JX_LOG_LEVEL=error git reset --hard 8230318e06852b2237b6f9efe43656bdc607ef42
DEBUG: ran git reset --hard 8230318e06852b2237b6f9efe43656bdc607ef42 in 
DEBUG: LC_ALL=C JX_LOG_LEVEL=error git clean -fd .
DEBUG: ran clean --force -d . in 
DEBUG: JX_LOG_LEVEL=error LC_ALL=C git merge 51e1d5b0ea1ca59ce9c0947b3b1d6c90201e8a27
DEBUG: ran git merge 51e1d5b0ea1ca59ce9c0947b3b1d6c90201e8a27 in 
DEBUG: LC_ALL=C JX_LOG_LEVEL=error git log --format=%H%x1f%an%x1f%ae%x1f%cn%x1f%ce%x1f%s%n%b%x1e 8230318e06852b2237b6f9efe43656bdc607ef42..HEAD
Merged SHA 51e1d5b0ea1ca59ce9c0947b3b1d6c90201e8a27 with commit message 'chore: Promote bdd-spring-1585155265 to version 0.0.1' into base branch master

Showing logs for build [32mcb-kubecd-environment-pr-187-22-prd5f-1[0m stage [32mfrom-build-pack[0m and container [32mstep-build-helm-build[0m
WARNING: No $CHART_REPOSITORY defined so using the default value of: http://jenkins-x-chartmuseum:8080
Adding missing Helm repo: storage.googleapis.com https://storage.googleapis.com/chartmuseum.jenkins-x.io
WARNING: No secrets found on "helm/repos" due: reading the secret "helm/repos" from vault: no secret "helm/repos" not found in vault
Read credentials for https://storage.googleapis.com/chartmuseum.jenkins-x.io from vault helm/repos
Successfully added Helm repository storage.googleapis.com.
Adding missing Helm repo: jenkins-x-chartmuseum http://jenkins-x-chartmuseum:8080
WARNING: No secrets found on "helm/repos" due: reading the secret "helm/repos" from vault: no secret "helm/repos" not found in vault
Read credentials for http://jenkins-x-chartmuseum:8080 from vault helm/repos
Successfully added Helm repository jenkins-x-chartmuseum.
WARNING: No $CHART_REPOSITORY defined so using the default value of: http://jenkins-x-chartmuseum:8080
Adding missing Helm repo: chartmuseum.jenkins-x.io http://chartmuseum.jenkins-x.io
WARNING: No secrets found on "helm/repos" due: reading the secret "helm/repos" from vault: no secret "helm/repos" not found in vault
Read credentials for http://chartmuseum.jenkins-x.io from vault helm/repos
Successfully added Helm repository chartmuseum.jenkins-x.io.
