
Showing logs for build [32mcb-kubecd-environment-pr-187-22-6tmgg-1[0m stage [32mfrom-build-pack[0m and container [32mstep-credential-initializer-x989r[0m
{"level":"warn","ts":1585157217.63252,"logger":"fallback-logger","caller":"logging/config.go:69","msg":"Fetch GitHub commit ID from kodata failed: \"ref: refs/heads/0.8.0-**-support-backwards-incompats\" is not a valid GitHub commit ID"}
{"level":"info","ts":1585157217.632764,"logger":"fallback-logger","caller":"creds-init/main.go:40","msg":"Credentials initialized."}

Showing logs for build [32mcb-kubecd-environment-pr-187-22-6tmgg-1[0m stage [32mfrom-build-pack[0m and container [32mstep-working-dir-initializer-k85p4[0m
{"level":"warn","ts":1585157218.115557,"logger":"fallback-logger","caller":"logging/config.go:69","msg":"Fetch GitHub commit ID from kodata failed: open /var/run/ko/HEAD: no such file or directory"}
{"level":"info","ts":1585157218.116265,"logger":"fallback-logger","caller":"bash/main.go:64","msg":"Successfully executed command \"sh -c mkdir -p /workspace/source\"; output "}

Showing logs for build [32mcb-kubecd-environment-pr-187-22-6tmgg-1[0m stage [32mfrom-build-pack[0m and container [32mstep-place-tools[0m

Showing logs for build [32mcb-kubecd-environment-pr-187-22-6tmgg-1[0m stage [32mfrom-build-pack[0m and container [32mstep-git-source-cb-kubecd-environment-pr-187-22-6tmgg-m9gdf[0m
{"level":"warn","ts":1585157222.2379427,"logger":"fallback-logger","caller":"logging/config.go:69","msg":"Fetch GitHub commit ID from kodata failed: \"ref: refs/heads/0.8.0-**-support-backwards-incompats\" is not a valid GitHub commit ID"}
{"level":"info","ts":1585157222.418648,"logger":"fallback-logger","caller":"git/git.go:103","msg":"Successfully cloned https://github.com/cb-kubecd/environment-pr-187-225-boot-eks-staging.git @ master in path /workspace/source"}

Showing logs for build [32mcb-kubecd-environment-pr-187-22-6tmgg-1[0m stage [32mfrom-build-pack[0m and container [32mstep-git-merge[0m
Using SHAs from PULL_REFS=master:c97e85d3cc5cd47108a1a8e06dd0b771aa9619be,2:6352b2da5abb1420466dfe74c4f8a7150898d9c4
DEBUG: LC_ALL=C JX_LOG_LEVEL=error git fetch origin --unshallow 6352b2da5abb1420466dfe74c4f8a7150898d9c4: c97e85d3cc5cd47108a1a8e06dd0b771aa9619be:
DEBUG: ran git fetch --unshallow origin 6352b2da5abb1420466dfe74c4f8a7150898d9c4: c97e85d3cc5cd47108a1a8e06dd0b771aa9619be: in 
DEBUG: LC_ALL=C JX_LOG_LEVEL=error git branch
DEBUG: LC_ALL=C JX_LOG_LEVEL=error git checkout master
DEBUG: ran git checkout master in 
DEBUG: LC_ALL=C JX_LOG_LEVEL=error git reset --hard c97e85d3cc5cd47108a1a8e06dd0b771aa9619be
DEBUG: ran git reset --hard c97e85d3cc5cd47108a1a8e06dd0b771aa9619be in 
DEBUG: LC_ALL=C JX_LOG_LEVEL=error git clean -fd .
DEBUG: ran clean --force -d . in 
DEBUG: LC_ALL=C JX_LOG_LEVEL=error git merge 6352b2da5abb1420466dfe74c4f8a7150898d9c4
DEBUG: ran git merge 6352b2da5abb1420466dfe74c4f8a7150898d9c4 in 
DEBUG: LC_ALL=C JX_LOG_LEVEL=error git log --format=%H%x1f%an%x1f%ae%x1f%cn%x1f%ce%x1f%s%n%b%x1e c97e85d3cc5cd47108a1a8e06dd0b771aa9619be..HEAD
Merged SHA 6352b2da5abb1420466dfe74c4f8a7150898d9c4 with commit message 'chore: Promote bdd-gh-1585156717 to version 0.0.1' into base branch master

Showing logs for build [32mcb-kubecd-environment-pr-187-22-6tmgg-1[0m stage [32mfrom-build-pack[0m and container [32mstep-build-helm-build[0m
WARNING: No $CHART_REPOSITORY defined so using the default value of: http://jenkins-x-chartmuseum:8080
Adding missing Helm repo: storage.googleapis.com https://storage.googleapis.com/chartmuseum.jenkins-x.io
WARNING: No secrets found on "helm/repos" due: reading the secret "helm/repos" from vault: no secret "helm/repos" not found in vault
Read credentials for https://storage.googleapis.com/chartmuseum.jenkins-x.io from vault helm/repos
Successfully added Helm repository storage.googleapis.com.
Adding missing Helm repo: jenkins-x-chartmuseum http://jenkins-x-chartmuseum:8080
WARNING: No secrets found on "helm/repos" due: reading the secret "helm/repos" from vault: no secret "helm/repos" not found in vault
Read credentials for http://jenkins-x-chartmuseum:8080 from vault helm/repos
Successfully added Helm repository jenkins-x-chartmuseum.
WARNING: No $CHART_REPOSITORY defined so using the default value of: http://jenkins-x-chartmuseum:8080
Adding missing Helm repo: chartmuseum.jenkins-x.io http://chartmuseum.jenkins-x.io
WARNING: No secrets found on "helm/repos" due: reading the secret "helm/repos" from vault: no secret "helm/repos" not found in vault
Read credentials for http://chartmuseum.jenkins-x.io from vault helm/repos
Successfully added Helm repository chartmuseum.jenkins-x.io.
